[1.262s] Invoking command in '/home/john/nervous_enums_ws/build/nervous_enums': DEBUGINFOD_URLS=https://debuginfod.ubuntu.com PYTHONPATH=/home/john/nervous_enums_ws/build/nervous_enums/prefix_override:/usr/lib/python3/dist-packages/colcon_core/task/python/colcon_distutils_commands:/home/john/nervous_enums_ws/install/nervous_enums/lib/python3.12/site-packages:${PYTHONPATH} /usr/bin/python3 -W ignore:setup.py install is deprecated -W ignore:easy_install command is deprecated setup.py develop --editable --build-directory /home/john/nervous_enums_ws/build/nervous_enums/build --no-deps symlink_data
[1.770s] running develop
[2.292s] running egg_info
[2.295s] creating nervous_enums.egg-info
[2.365s] writing nervous_enums.egg-info/PKG-INFO
[2.366s] writing dependency_links to nervous_enums.egg-info/dependency_links.txt
[2.366s] writing requirements to nervous_enums.egg-info/requires.txt
[2.367s] writing top-level names to nervous_enums.egg-info/top_level.txt
[2.368s] writing manifest file 'nervous_enums.egg-info/SOURCES.txt'
[2.434s] reading manifest file 'nervous_enums.egg-info/SOURCES.txt'
[2.435s] writing manifest file 'nervous_enums.egg-info/SOURCES.txt'
[2.464s] running build_ext
[2.464s] Creating /home/john/nervous_enums_ws/install/nervous_enums/lib/python3.12/site-packages/nervous-enums.egg-link (link to .)
[2.464s] 
[2.465s] Installed /home/john/nervous_enums_ws/build/nervous_enums
[2.465s] running symlink_data
[2.465s] creating /home/john/nervous_enums_ws/install/nervous_enums/share/ament_index
[2.465s] creating /home/john/nervous_enums_ws/install/nervous_enums/share/ament_index/resource_index
[2.465s] creating /home/john/nervous_enums_ws/install/nervous_enums/share/ament_index/resource_index/packages
[2.465s] symbolically linking /home/john/nervous_enums_ws/build/nervous_enums/resource/nervous_enums -> /home/john/nervous_enums_ws/install/nervous_enums/share/ament_index/resource_index/packages
[2.465s] symbolically linking /home/john/nervous_enums_ws/build/nervous_enums/package.xml -> /home/john/nervous_enums_ws/install/nervous_enums/share/nervous_enums
[2.563s] Invoked command in '/home/john/nervous_enums_ws/build/nervous_enums' returned '0': DEBUGINFOD_URLS=https://debuginfod.ubuntu.com PYTHONPATH=/home/john/nervous_enums_ws/build/nervous_enums/prefix_override:/usr/lib/python3/dist-packages/colcon_core/task/python/colcon_distutils_commands:/home/john/nervous_enums_ws/install/nervous_enums/lib/python3.12/site-packages:${PYTHONPATH} /usr/bin/python3 -W ignore:setup.py install is deprecated -W ignore:easy_install command is deprecated setup.py develop --editable --build-directory /home/john/nervous_enums_ws/build/nervous_enums/build --no-deps symlink_data
